2025-09-24 22:44:10,081 - INFO - 已创建目录: words-voice
2025-09-24 22:44:10,081 - INFO - 开始处理页面: https://www.yyybabc.com/p/d1.html
2025-09-24 22:44:10,259 - INFO - 找到单词: long_vowel_i, bee, we, read (页面ID: 1)
2025-09-24 22:44:10,436 - INFO - 单词发音文件下载成功: words-voice/word-long_vowel_i.mp3
2025-09-24 22:44:11,127 - INFO - 单词发音文件下载成功: words-voice/word-bee.mp3
2025-09-24 22:44:11,790 - INFO - 单词发音文件下载成功: words-voice/word-we.mp3
2025-09-24 22:44:12,475 - INFO - 单词发音文件下载成功: words-voice/word-read.mp3
2025-09-24 22:44:13,988 - INFO - 开始处理页面: https://www.yyybabc.com/p/d2.html
2025-09-24 22:44:14,203 - INFO - 找到单词: long_vowel_3, bird, word, work (页面ID: 2)
2025-09-24 22:44:14,452 - INFO - 单词发音文件下载成功: words-voice/word-long_vowel_3.mp3
2025-09-24 22:44:15,241 - INFO - 单词发音文件下载成功: words-voice/word-bird.mp3
2025-09-24 22:44:16,005 - INFO - 单词发音文件下载成功: words-voice/word-word.mp3
2025-09-24 22:44:16,762 - INFO - 单词发音文件下载成功: words-voice/word-work.mp3
2025-09-24 22:44:18,269 - INFO - 开始处理页面: https://www.yyybabc.com/p/d3.html
2025-09-24 22:44:18,528 - INFO - 找到单词: long_vowel_2, mark, shark, father (页面ID: 3)
2025-09-24 22:44:18,690 - INFO - 单词发音文件下载成功: words-voice/word-long_vowel_2.mp3
2025-09-24 22:44:19,466 - INFO - 单词发音文件下载成功: words-voice/word-mark.mp3
2025-09-24 22:44:20,199 - INFO - 单词发音文件下载成功: words-voice/word-shark.mp3
2025-09-24 22:44:20,861 - INFO - 单词发音文件下载成功: words-voice/word-father.mp3
2025-09-24 22:44:22,372 - INFO - 开始处理页面: https://www.yyybabc.com/p/d4.html
2025-09-24 22:44:22,613 - INFO - 找到单词: long_vowel_4, caught, walk, board (页面ID: 4)
2025-09-24 22:44:22,854 - INFO - 单词发音文件下载成功: words-voice/word-long_vowel_4.mp3
2025-09-24 22:44:23,578 - INFO - 单词发音文件下载成功: words-voice/word-caught.mp3
2025-09-24 22:44:24,327 - INFO - 单词发音文件下载成功: words-voice/word-walk.mp3
2025-09-24 22:44:25,019 - INFO - 单词发音文件下载成功: words-voice/word-board.mp3
2025-09-24 22:44:26,531 - INFO - 开始处理页面: https://www.yyybabc.com/p/d5.html
2025-09-24 22:44:26,772 - INFO - 找到单词: long_vowel_u, cool, rude, tooth (页面ID: 5)
2025-09-24 22:44:27,023 - INFO - 单词发音文件下载成功: words-voice/word-long_vowel_u.mp3
2025-09-24 22:44:27,772 - INFO - 单词发音文件下载成功: words-voice/word-cool.mp3
2025-09-24 22:44:28,521 - INFO - 单词发音文件下载成功: words-voice/word-rude.mp3
2025-09-24 22:44:29,206 - INFO - 单词发音文件下载成功: words-voice/word-tooth.mp3
2025-09-24 22:44:30,716 - INFO - 开始处理页面: https://www.yyybabc.com/p/d6.html
2025-09-24 22:44:30,921 - INFO - 找到单词: short_vowel_I, little, sit, fish (页面ID: 6)
2025-09-24 22:44:31,108 - INFO - 单词发音文件下载成功: words-voice/word-short_vowel_I.mp3
2025-09-24 22:44:31,824 - INFO - 单词发音文件下载成功: words-voice/word-little.mp3
2025-09-24 22:44:32,685 - INFO - 单词发音文件下载成功: words-voice/word-sit.mp3
2025-09-24 22:44:33,370 - INFO - 单词发音文件下载成功: words-voice/word-fish.mp3
2025-09-24 22:44:34,878 - INFO - 开始处理页面: https://www.yyybabc.com/p/d7.html
2025-09-24 22:44:35,019 - INFO - 找到单词: short_vowel_e, bed, red, egg (页面ID: 7)
2025-09-24 22:44:35,305 - INFO - 单词发音文件下载成功: words-voice/word-short_vowel_e.mp3
2025-09-24 22:44:35,990 - INFO - 单词发音文件下载成功: words-voice/word-bed.mp3
2025-09-24 22:44:36,758 - INFO - 单词发音文件下载成功: words-voice/word-red.mp3
2025-09-24 22:44:37,464 - INFO - 单词发音文件下载成功: words-voice/word-egg.mp3
2025-09-24 22:44:38,969 - INFO - 开始处理页面: https://www.yyybabc.com/p/d8.html
2025-09-24 22:44:39,108 - INFO - 找到单词: mass, ant, lamb, short_vowel_5 (页面ID: 8)
2025-09-24 22:44:39,388 - INFO - 单词发音文件下载成功: words-voice/word-mass.mp3
2025-09-24 22:44:40,090 - INFO - 单词发音文件下载成功: words-voice/word-ant.mp3
2025-09-24 22:44:40,754 - INFO - 单词发音文件下载成功: words-voice/word-lamb.mp3
2025-09-24 22:44:41,469 - INFO - 单词发音文件下载成功: words-voice/word-short_vowel_5.mp3
2025-09-24 22:44:42,976 - INFO - 开始处理页面: https://www.yyybabc.com/p/d9.html
2025-09-24 22:44:43,140 - INFO - 找到单词: vowel_short_6, words1, words2, words3 (页面ID: 9)
2025-09-24 22:44:43,302 - INFO - 单词发音文件下载成功: words-voice/word-vowel_short_6.mp3
2025-09-24 22:44:44,024 - INFO - 单词发音文件下载成功: words-voice/word-words1.mp3
2025-09-24 22:44:44,712 - INFO - 单词发音文件下载成功: words-voice/word-words2.mp3
2025-09-24 22:44:45,425 - INFO - 单词发音文件下载成功: words-voice/word-words3.mp3
2025-09-24 22:44:46,934 - INFO - 开始处理页面: https://www.yyybabc.com/p/d10.html
2025-09-24 22:44:47,174 - INFO - 找到单词: short_vowel_7, cup, bus, sun (页面ID: 10)
2025-09-24 22:44:47,291 - INFO - 单词发音文件下载成功: words-voice/word-short_vowel_7.mp3
2025-09-24 22:44:47,972 - INFO - 单词发音文件下载成功: words-voice/word-cup.mp3
2025-09-24 22:44:48,620 - INFO - 单词发音文件下载成功: words-voice/word-bus.mp3
2025-09-24 22:44:49,370 - INFO - 单词发音文件下载成功: words-voice/word-sun.mp3
2025-09-24 22:44:50,874 - INFO - 开始处理页面: https://www.yyybabc.com/p/d11.html
2025-09-24 22:44:51,013 - INFO - 找到单词: short_vowel_8, dog, box, stop (页面ID: 11)
2025-09-24 22:44:51,135 - INFO - 单词发音文件下载成功: words-voice/word-short_vowel_8.mp3
2025-09-24 22:44:51,765 - INFO - 单词发音文件下载成功: words-voice/word-dog.mp3
2025-09-24 22:44:52,534 - INFO - 单词发音文件下载成功: words-voice/word-box.mp3
2025-09-24 22:44:53,215 - INFO - 单词发音文件下载成功: words-voice/word-stop.mp3
2025-09-24 22:44:54,728 - INFO - 开始处理页面: https://www.yyybabc.com/p/d12.html
2025-09-24 22:44:54,859 - INFO - 找到单词: short_vowel_9, book, good, full (页面ID: 12)
2025-09-24 22:44:55,078 - INFO - 单词发音文件下载成功: words-voice/word-short_vowel_9.mp3
2025-09-24 22:44:55,785 - INFO - 单词发音文件下载成功: words-voice/word-book.mp3
2025-09-24 22:44:56,436 - INFO - 单词发音文件下载成功: words-voice/word-good.mp3
2025-09-24 22:44:57,210 - INFO - 单词发音文件下载成功: words-voice/word-full.mp3
2025-09-24 22:44:58,720 - INFO - 开始处理页面: https://www.yyybabc.com/p/d13.html
2025-09-24 22:44:58,863 - INFO - 找到单词: two_vowel_ei, wait, late, hate (页面ID: 13)
2025-09-24 22:44:59,057 - INFO - 单词发音文件下载成功: words-voice/word-two_vowel_ei.mp3
2025-09-24 22:44:59,818 - INFO - 单词发音文件下载成功: words-voice/word-wait.mp3
2025-09-24 22:45:00,496 - INFO - 单词发音文件下载成功: words-voice/word-late.mp3
2025-09-24 22:45:01,160 - INFO - 单词发音文件下载成功: words-voice/word-hate.mp3
2025-09-24 22:45:02,671 - INFO - 开始处理页面: https://www.yyybabc.com/p/d14.html
2025-09-24 22:45:02,807 - INFO - 找到单词: two_vowel_1, my, why, write (页面ID: 14)
2025-09-24 22:45:03,002 - INFO - 单词发音文件下载成功: words-voice/word-two_vowel_1.mp3
2025-09-24 22:45:03,668 - INFO - 单词发音文件下载成功: words-voice/word-my.mp3
2025-09-24 22:45:04,344 - INFO - 单词发音文件下载成功: words-voice/word-why.mp3
2025-09-24 22:45:05,044 - INFO - 单词发音文件下载成功: words-voice/word-write.mp3
2025-09-24 22:45:06,555 - INFO - 开始处理页面: https://www.yyybabc.com/p/d15.html
2025-09-24 22:45:06,702 - INFO - 找到单词: noise, point, oil, two_vowel_4 (页面ID: 15)
2025-09-24 22:45:06,903 - INFO - 单词发音文件下载成功: words-voice/word-noise.mp3
2025-09-24 22:45:07,545 - INFO - 单词发音文件下载成功: words-voice/word-point.mp3
2025-09-24 22:45:08,166 - INFO - 单词发音文件下载成功: words-voice/word-oil.mp3
2025-09-24 22:45:08,849 - INFO - 单词发音文件下载成功: words-voice/word-two_vowel_4.mp3
2025-09-24 22:45:10,363 - INFO - 开始处理页面: https://www.yyybabc.com/p/d16.html
2025-09-24 22:45:10,495 - INFO - 找到单词: two_vowel_2, mouse, town, cloud (页面ID: 16)
2025-09-24 22:45:10,663 - INFO - 单词发音文件下载成功: words-voice/word-two_vowel_2.mp3
2025-09-24 22:45:11,337 - INFO - 单词发音文件下载成功: words-voice/word-mouse.mp3
2025-09-24 22:45:12,014 - INFO - 单词发音文件下载成功: words-voice/word-town.mp3
2025-09-24 22:45:12,676 - INFO - 单词发音文件下载成功: words-voice/word-cloud.mp3
2025-09-24 22:45:14,188 - INFO - 开始处理页面: https://www.yyybabc.com/p/d17.html
2025-09-24 22:45:14,330 - INFO - 找到单词: two_vowel_5, pose, mode, know (页面ID: 17)
2025-09-24 22:45:14,495 - INFO - 单词发音文件下载成功: words-voice/word-two_vowel_5.mp3
2025-09-24 22:45:15,176 - INFO - 单词发音文件下载成功: words-voice/word-pose.mp3
2025-09-24 22:45:15,835 - INFO - 单词发音文件下载成功: words-voice/word-mode.mp3
2025-09-24 22:45:16,527 - INFO - 单词发音文件下载成功: words-voice/word-know.mp3
2025-09-24 22:45:18,040 - INFO - 开始处理页面: https://www.yyybabc.com/p/d18.html
2025-09-24 22:45:18,168 - INFO - 找到单词: two_vowel_6, beer, mere, deer (页面ID: 18)
2025-09-24 22:45:18,364 - INFO - 单词发音文件下载成功: words-voice/word-two_vowel_6.mp3
2025-09-24 22:45:19,015 - INFO - 单词发音文件下载成功: words-voice/word-beer.mp3
2025-09-24 22:45:19,719 - INFO - 单词发音文件下载成功: words-voice/word-mere.mp3
2025-09-24 22:45:20,421 - INFO - 单词发音文件下载成功: words-voice/word-deer.mp3
2025-09-24 22:45:21,932 - INFO - 开始处理页面: https://www.yyybabc.com/p/d19.html
2025-09-24 22:45:22,081 - INFO - 找到单词: two_vowel_3, bear, wear, fare (页面ID: 19)
2025-09-24 22:45:22,240 - INFO - 单词发音文件下载成功: words-voice/word-two_vowel_3.mp3
2025-09-24 22:45:22,918 - INFO - 单词发音文件下载成功: words-voice/word-bear.mp3
2025-09-24 22:45:23,583 - INFO - 单词发音文件下载成功: words-voice/word-wear.mp3
2025-09-24 22:45:24,253 - INFO - 单词发音文件下载成功: words-voice/word-fare.mp3
2025-09-24 22:45:25,761 - INFO - 开始处理页面: https://www.yyybabc.com/p/d20.html
2025-09-24 22:45:25,922 - INFO - 找到单词: two_vowel_7, poor, tour, pure (页面ID: 20)
2025-09-24 22:45:26,057 - INFO - 单词发音文件下载成功: words-voice/word-two_vowel_7.mp3
2025-09-24 22:45:26,691 - INFO - 单词发音文件下载成功: words-voice/word-poor.mp3
2025-09-24 22:45:27,370 - INFO - 单词发音文件下载成功: words-voice/word-tour.mp3
2025-09-24 22:45:28,052 - INFO - 单词发音文件下载成功: words-voice/word-pure.mp3
2025-09-24 22:45:29,566 - INFO - 开始处理页面: https://www.yyybabc.com/p/d21.html
2025-09-24 22:45:29,709 - INFO - 找到单词: consonant_p, sip, put, cup (页面ID: 21)
2025-09-24 22:45:29,877 - INFO - 单词发音文件下载成功: words-voice/word-consonant_p.mp3
2025-09-24 22:45:30,586 - INFO - 单词发音文件下载成功: words-voice/word-sip.mp3
2025-09-24 22:45:31,240 - INFO - 单词发音文件下载成功: words-voice/word-put.mp3
2025-09-24 22:45:31,953 - INFO - 单词发音文件下载成功: words-voice/word-cup.mp3
2025-09-24 22:45:33,467 - INFO - 开始处理页面: https://www.yyybabc.com/p/d22.html
2025-09-24 22:45:33,631 - INFO - 找到单词: consonant_t, words1, words2, words3 (页面ID: 22)
2025-09-24 22:45:33,759 - INFO - 单词发音文件下载成功: words-voice/word-consonant_t.mp3
2025-09-24 22:45:34,416 - INFO - 单词发音文件下载成功: words-voice/word-words1.mp3
2025-09-24 22:45:35,096 - INFO - 单词发音文件下载成功: words-voice/word-words2.mp3
2025-09-24 22:45:35,731 - INFO - 单词发音文件下载成功: words-voice/word-words3.mp3
2025-09-24 22:45:37,241 - INFO - 开始处理页面: https://www.yyybabc.com/p/d23.html
2025-09-24 22:45:37,380 - INFO - 找到单词: consonant_k, cat, cup, card (页面ID: 23)
2025-09-24 22:45:37,511 - INFO - 单词发音文件下载成功: words-voice/word-consonant_k.mp3
2025-09-24 22:45:38,184 - INFO - 单词发音文件下载成功: words-voice/word-cat.mp3
2025-09-24 22:45:38,873 - INFO - 单词发音文件下载成功: words-voice/word-cup.mp3
2025-09-24 22:45:39,552 - INFO - 单词发音文件下载成功: words-voice/word-card.mp3
2025-09-24 22:45:41,063 - INFO - 开始处理页面: https://www.yyybabc.com/p/d24.html
2025-09-24 22:45:41,182 - INFO - 找到单词: consonant_f, fish, free, floor (页面ID: 24)
2025-09-24 22:45:41,367 - INFO - 单词发音文件下载成功: words-voice/word-consonant_f.mp3
2025-09-24 22:45:42,080 - INFO - 单词发音文件下载成功: words-voice/word-fish.mp3
2025-09-24 22:45:42,764 - INFO - 单词发音文件下载成功: words-voice/word-free.mp3
2025-09-24 22:45:43,438 - INFO - 单词发音文件下载成功: words-voice/word-floor.mp3
2025-09-24 22:45:44,950 - INFO - 开始处理页面: https://www.yyybabc.com/p/d25.html
2025-09-24 22:45:45,098 - INFO - 找到单词: consonant_s, nice, bus, sit (页面ID: 25)
2025-09-24 22:45:45,296 - INFO - 单词发音文件下载成功: words-voice/word-consonant_s.mp3
2025-09-24 22:45:45,975 - INFO - 单词发音文件下载成功: words-voice/word-nice.mp3
2025-09-24 22:45:46,604 - INFO - 单词发音文件下载成功: words-voice/word-bus.mp3
2025-09-24 22:45:47,314 - INFO - 单词发音文件下载成功: words-voice/word-sit.mp3
2025-09-24 22:45:48,824 - INFO - 开始处理页面: https://www.yyybabc.com/p/d26.html
2025-09-24 22:45:48,971 - INFO - 找到单词: consonant_1, words1, words2, words3 (页面ID: 26)
2025-09-24 22:45:49,158 - INFO - 单词发音文件下载成功: words-voice/word-consonant_1.mp3
2025-09-24 22:45:49,847 - INFO - 单词发音文件下载成功: words-voice/word-words1.mp3
2025-09-24 22:45:50,509 - INFO - 单词发音文件下载成功: words-voice/word-words2.mp3
2025-09-24 22:45:51,171 - INFO - 单词发音文件下载成功: words-voice/word-words3.mp3
2025-09-24 22:45:52,678 - INFO - 开始处理页面: https://www.yyybabc.com/p/d27.html
2025-09-24 22:45:52,819 - INFO - 找到单词: consonant_2, words1, words2, words3 (页面ID: 27)
2025-09-24 22:45:52,991 - INFO - 单词发音文件下载成功: words-voice/word-consonant_2.mp3
2025-09-24 22:45:53,666 - INFO - 单词发音文件下载成功: words-voice/word-words1.mp3
2025-09-24 22:45:54,336 - INFO - 单词发音文件下载成功: words-voice/word-words2.mp3
2025-09-24 22:45:55,020 - INFO - 单词发音文件下载成功: words-voice/word-words3.mp3
2025-09-24 22:45:56,525 - INFO - 开始处理页面: https://www.yyybabc.com/p/d28.html
2025-09-24 22:45:56,684 - INFO - 找到单词: consonant_h, hut, hello, home (页面ID: 28)
2025-09-24 22:45:56,884 - INFO - 单词发音文件下载成功: words-voice/word-consonant_h.mp3
2025-09-24 22:45:57,535 - INFO - 单词发音文件下载成功: words-voice/word-hut.mp3
2025-09-24 22:45:58,220 - INFO - 单词发音文件下载成功: words-voice/word-hello.mp3
2025-09-24 22:45:58,896 - INFO - 单词发音文件下载成功: words-voice/word-home.mp3
2025-09-24 22:46:00,407 - INFO - 开始处理页面: https://www.yyybabc.com/p/d29.html
2025-09-24 22:46:00,548 - INFO - 找到单词: consonant_6, words1, words2, words3 (页面ID: 29)
2025-09-24 22:46:00,740 - INFO - 单词发音文件下载成功: words-voice/word-consonant_6.mp3
2025-09-24 22:46:01,406 - INFO - 单词发音文件下载成功: words-voice/word-words1.mp3
2025-09-24 22:46:02,088 - INFO - 单词发音文件下载成功: words-voice/word-words2.mp3
2025-09-24 22:46:02,798 - INFO - 单词发音文件下载成功: words-voice/word-words3.mp3
2025-09-24 22:46:04,309 - INFO - 开始处理页面: https://www.yyybabc.com/p/d30.html
2025-09-24 22:46:04,458 - INFO - 找到单词: consonant_ts, words1, words2, words3 (页面ID: 30)
2025-09-24 22:46:04,598 - INFO - 单词发音文件下载成功: words-voice/word-consonant_ts.mp3
2025-09-24 22:46:05,251 - INFO - 单词发音文件下载成功: words-voice/word-words1.mp3
2025-09-24 22:46:05,940 - INFO - 单词发音文件下载成功: words-voice/word-words2.mp3
2025-09-24 22:46:06,617 - INFO - 单词发音文件下载成功: words-voice/word-words3.mp3
2025-09-24 22:46:08,127 - INFO - 开始处理页面: https://www.yyybabc.com/p/d31.html
2025-09-24 22:46:08,267 - INFO - 找到单词: consonant_tr, words1, words2, words3 (页面ID: 31)
2025-09-24 22:46:08,426 - INFO - 单词发音文件下载成功: words-voice/word-consonant_tr.mp3
2025-09-24 22:46:09,090 - INFO - 单词发音文件下载成功: words-voice/word-words1.mp3
2025-09-24 22:46:09,761 - INFO - 单词发音文件下载成功: words-voice/word-words2.mp3
2025-09-24 22:46:10,471 - INFO - 单词发音文件下载成功: words-voice/word-words3.mp3
2025-09-24 22:46:11,982 - INFO - 开始处理页面: https://www.yyybabc.com/p/d32.html
2025-09-24 22:46:12,120 - INFO - 找到单词: consonant_b, bread, club, lab (页面ID: 32)
2025-09-24 22:46:12,278 - INFO - 单词发音文件下载成功: words-voice/word-consonant_b.mp3
2025-09-24 22:46:12,975 - INFO - 单词发音文件下载成功: words-voice/word-bread.mp3
2025-09-24 22:46:13,618 - INFO - 单词发音文件下载成功: words-voice/word-club.mp3
2025-09-24 22:46:14,304 - INFO - 单词发音文件下载成功: words-voice/word-lab.mp3
2025-09-24 22:46:15,811 - INFO - 开始处理页面: https://www.yyybabc.com/p/d33.html
2025-09-24 22:46:15,952 - INFO - 找到单词: consonant_d, dog, card, bed (页面ID: 33)
2025-09-24 22:46:16,070 - INFO - 单词发音文件下载成功: words-voice/word-consonant_d.mp3
2025-09-24 22:46:16,713 - INFO - 单词发音文件下载成功: words-voice/word-dog.mp3
2025-09-24 22:46:17,375 - INFO - 单词发音文件下载成功: words-voice/word-card.mp3
2025-09-24 22:46:18,055 - INFO - 单词发音文件下载成功: words-voice/word-bed.mp3
2025-09-24 22:46:19,561 - INFO - 开始处理页面: https://www.yyybabc.com/p/d34.html
2025-09-24 22:46:19,706 - INFO - 找到单词: consonant_g, egg, dig, gate (页面ID: 34)
2025-09-24 22:46:19,837 - INFO - 单词发音文件下载成功: words-voice/word-consonant_g.mp3
2025-09-24 22:46:20,484 - INFO - 单词发音文件下载成功: words-voice/word-egg.mp3
2025-09-24 22:46:21,188 - INFO - 单词发音文件下载成功: words-voice/word-dig.mp3
2025-09-24 22:46:21,900 - INFO - 单词发音文件下载成功: words-voice/word-gate.mp3
2025-09-24 22:46:23,413 - INFO - 开始处理页面: https://www.yyybabc.com/p/d35.html
2025-09-24 22:46:23,580 - INFO - 找到单词: consonant_v, words1, words2, words3 (页面ID: 35)
2025-09-24 22:46:23,775 - INFO - 单词发音文件下载成功: words-voice/word-consonant_v.mp3
2025-09-24 22:46:24,479 - INFO - 单词发音文件下载成功: words-voice/word-words1.mp3
2025-09-24 22:46:25,187 - INFO - 单词发音文件下载成功: words-voice/word-words2.mp3
2025-09-24 22:46:25,894 - INFO - 单词发音文件下载成功: words-voice/word-words3.mp3
2025-09-24 22:46:27,406 - INFO - 开始处理页面: https://www.yyybabc.com/p/d36.html
2025-09-24 22:46:27,553 - INFO - 找到单词: consonant_z, words1, words2, words3 (页面ID: 36)
2025-09-24 22:46:27,751 - INFO - 单词发音文件下载成功: words-voice/word-consonant_z.mp3
2025-09-24 22:46:28,462 - INFO - 单词发音文件下载成功: words-voice/word-words1.mp3
2025-09-24 22:46:29,168 - INFO - 单词发音文件下载成功: words-voice/word-words2.mp3
2025-09-24 22:46:29,852 - INFO - 单词发音文件下载成功: words-voice/word-words3.mp3
2025-09-24 22:46:31,361 - INFO - 开始处理页面: https://www.yyybabc.com/p/d37.html
2025-09-24 22:46:31,506 - INFO - 找到单词: consonant_3, decision, television, leisure (页面ID: 37)
2025-09-24 22:46:31,696 - INFO - 单词发音文件下载成功: words-voice/word-consonant_3.mp3
2025-09-24 22:46:32,413 - INFO - 单词发音文件下载成功: words-voice/word-decision.mp3
2025-09-24 22:46:33,093 - INFO - 单词发音文件下载成功: words-voice/word-television.mp3
2025-09-24 22:46:33,812 - INFO - 单词发音文件下载成功: words-voice/word-leisure.mp3
2025-09-24 22:46:35,322 - INFO - 开始处理页面: https://www.yyybabc.com/p/d38.html
2025-09-24 22:46:35,469 - INFO - 找到单词: consonant_5, they, those, other (页面ID: 38)
2025-09-24 22:46:35,670 - INFO - 单词发音文件下载成功: words-voice/word-consonant_5.mp3
2025-09-24 22:46:36,367 - INFO - 单词发音文件下载成功: words-voice/word-they.mp3
2025-09-24 22:46:37,025 - INFO - 单词发音文件下载成功: words-voice/word-those.mp3
2025-09-24 22:46:37,666 - INFO - 单词发音文件下载成功: words-voice/word-other.mp3
2025-09-24 22:46:39,177 - INFO - 开始处理页面: https://www.yyybabc.com/p/d39.html
2025-09-24 22:46:39,339 - INFO - 找到单词: consonant_r, read, grass, write (页面ID: 39)
2025-09-24 22:46:39,506 - INFO - 单词发音文件下载成功: words-voice/word-consonant_r.mp3
2025-09-24 22:46:40,208 - INFO - 单词发音文件下载成功: words-voice/word-read.mp3
2025-09-24 22:46:40,885 - INFO - 单词发音文件下载成功: words-voice/word-grass.mp3
2025-09-24 22:46:41,558 - INFO - 单词发音文件下载成功: words-voice/word-write.mp3
2025-09-24 22:46:43,070 - INFO - 开始处理页面: https://www.yyybabc.com/p/d40.html
2025-09-24 22:46:43,211 - INFO - 找到单词: consonant_7, words1, words2, words3 (页面ID: 40)
2025-09-24 22:46:43,337 - INFO - 单词发音文件下载成功: words-voice/word-consonant_7.mp3
2025-09-24 22:46:44,030 - INFO - 单词发音文件下载成功: words-voice/word-words1.mp3
2025-09-24 22:46:44,688 - INFO - 单词发音文件下载成功: words-voice/word-words2.mp3
2025-09-24 22:46:45,392 - INFO - 单词发音文件下载成功: words-voice/word-words3.mp3
2025-09-24 22:46:46,899 - INFO - 开始处理页面: https://www.yyybabc.com/p/d41.html
2025-09-24 22:46:47,042 - INFO - 找到单词: consonant_dz, beds, adds, friends (页面ID: 41)
2025-09-24 22:46:47,221 - INFO - 单词发音文件下载成功: words-voice/word-consonant_dz.mp3
2025-09-24 22:46:47,886 - INFO - 单词发音文件下载成功: words-voice/word-beds.mp3
2025-09-24 22:46:48,597 - INFO - 单词发音文件下载成功: words-voice/word-adds.mp3
2025-09-24 22:46:49,285 - INFO - 单词发音文件下载成功: words-voice/word-friends.mp3
2025-09-24 22:46:50,795 - INFO - 开始处理页面: https://www.yyybabc.com/p/d42.html
2025-09-24 22:46:50,930 - INFO - 找到单词: consonant_dr, words1, words2, words3 (页面ID: 42)
2025-09-24 22:46:51,084 - INFO - 单词发音文件下载成功: words-voice/word-consonant_dr.mp3
2025-09-24 22:46:51,769 - INFO - 单词发音文件下载成功: words-voice/word-words1.mp3
2025-09-24 22:46:52,428 - INFO - 单词发音文件下载成功: words-voice/word-words2.mp3
2025-09-24 22:46:53,105 - INFO - 单词发音文件下载成功: words-voice/word-words3.mp3
2025-09-24 22:46:54,614 - INFO - 开始处理页面: https://www.yyybabc.com/p/d43.html
2025-09-24 22:46:54,783 - INFO - 找到单词: consonant_m, words1, words2, words3 (页面ID: 43)
2025-09-24 22:46:54,950 - INFO - 单词发音文件下载成功: words-voice/word-consonant_m.mp3
2025-09-24 22:46:55,612 - INFO - 单词发音文件下载成功: words-voice/word-words1.mp3
2025-09-24 22:46:56,302 - INFO - 单词发音文件下载成功: words-voice/word-words2.mp3
2025-09-24 22:46:56,975 - INFO - 单词发音文件下载成功: words-voice/word-words3.mp3
2025-09-24 22:46:58,488 - INFO - 开始处理页面: https://www.yyybabc.com/p/d44.html
2025-09-24 22:46:58,635 - INFO - 找到单词: consonant_n, no, hunt, find (页面ID: 44)
2025-09-24 22:46:58,795 - INFO - 单词发音文件下载成功: words-voice/word-consonant_n.mp3
2025-09-24 22:46:59,463 - INFO - 单词发音文件下载成功: words-voice/word-no.mp3
2025-09-24 22:47:00,132 - INFO - 单词发音文件下载成功: words-voice/word-hunt.mp3
2025-09-24 22:47:00,827 - INFO - 单词发音文件下载成功: words-voice/word-find.mp3
2025-09-24 22:47:02,337 - INFO - 开始处理页面: https://www.yyybabc.com/p/d45.html
2025-09-24 22:47:02,498 - INFO - 找到单词: consonant_ng, spring, sing, ink (页面ID: 45)
2025-09-24 22:47:02,698 - INFO - 单词发音文件下载成功: words-voice/word-consonant_ng.mp3
2025-09-24 22:47:03,384 - INFO - 单词发音文件下载成功: words-voice/word-spring.mp3
2025-09-24 22:47:04,046 - INFO - 单词发音文件下载成功: words-voice/word-sing.mp3
2025-09-24 22:47:04,710 - INFO - 单词发音文件下载成功: words-voice/word-ink.mp3
2025-09-24 22:47:06,218 - INFO - 开始处理页面: https://www.yyybabc.com/p/d46.html
2025-09-24 22:47:06,368 - INFO - 找到单词: consonant_l, words1, words2, words3 (页面ID: 46)
2025-09-24 22:47:06,522 - INFO - 单词发音文件下载成功: words-voice/word-consonant_l.mp3
2025-09-24 22:47:07,202 - INFO - 单词发音文件下载成功: words-voice/word-words1.mp3
2025-09-24 22:47:07,877 - INFO - 单词发音文件下载成功: words-voice/word-words2.mp3
2025-09-24 22:47:08,559 - INFO - 单词发音文件下载成功: words-voice/word-words3.mp3
2025-09-24 22:47:10,064 - INFO - 开始处理页面: https://www.yyybabc.com/p/d47.html
2025-09-24 22:47:10,220 - INFO - 找到单词: consonant_w, work, wood, what (页面ID: 47)
2025-09-24 22:47:10,379 - INFO - 单词发音文件下载成功: words-voice/word-consonant_w.mp3
2025-09-24 22:47:11,040 - INFO - 单词发音文件下载成功: words-voice/word-work.mp3
2025-09-24 22:47:11,715 - INFO - 单词发音文件下载成功: words-voice/word-wood.mp3
2025-09-24 22:47:12,415 - INFO - 单词发音文件下载成功: words-voice/word-what.mp3
2025-09-24 22:47:13,928 - INFO - 开始处理页面: https://www.yyybabc.com/p/d48.html
2025-09-24 22:47:14,062 - INFO - 找到单词: consonant_j, yell, yak, youth (页面ID: 48)
2025-09-24 22:47:14,191 - INFO - 单词发音文件下载成功: words-voice/word-consonant_j.mp3
2025-09-24 22:47:14,934 - INFO - 单词发音文件下载成功: words-voice/word-yell.mp3
2025-09-24 22:47:15,610 - INFO - 单词发音文件下载成功: words-voice/word-yak.mp3
2025-09-24 22:47:16,279 - INFO - 单词发音文件下载成功: words-voice/word-youth.mp3
2025-09-24 22:47:16,786 - INFO - 单词映射已保存到phonetic_words.json
2025-09-24 23:38:02,611 - INFO - 开始处理页面: https://www.yyybabc.com/p/d1.html
2025-09-24 23:38:02,778 - INFO - 找到单词: long_vowel_i, bee, we, read (页面ID: 1)
2025-09-24 23:38:02,958 - INFO - 单词发音文件下载成功: words-voice/word-long_vowel_i.mp3
2025-09-24 23:38:03,619 - INFO - 单词发音文件下载成功: words-voice/word-bee.mp3
2025-09-24 23:38:04,305 - INFO - 单词发音文件下载成功: words-voice/word-we.mp3
2025-09-24 23:38:04,981 - INFO - 单词发音文件下载成功: words-voice/word-read.mp3
2025-09-24 23:38:06,488 - INFO - 开始处理页面: https://www.yyybabc.com/p/d2.html
2025-09-24 23:38:06,634 - INFO - 找到单词: long_vowel_3, bird, word, work (页面ID: 2)
2025-09-24 23:38:06,845 - INFO - 单词发音文件下载成功: words-voice/word-long_vowel_3.mp3
2025-09-24 23:38:07,540 - INFO - 单词发音文件下载成功: words-voice/word-bird.mp3
2025-09-24 23:38:08,242 - INFO - 单词发音文件下载成功: words-voice/word-word.mp3
2025-09-24 23:38:08,898 - INFO - 单词发音文件下载成功: words-voice/word-work.mp3
2025-09-24 23:38:10,408 - INFO - 开始处理页面: https://www.yyybabc.com/p/d3.html
2025-09-24 23:38:10,549 - INFO - 找到单词: long_vowel_2, mark, shark, father (页面ID: 3)
2025-09-24 23:38:10,713 - INFO - 单词发音文件下载成功: words-voice/word-long_vowel_2.mp3
2025-09-24 23:38:11,371 - INFO - 单词发音文件下载成功: words-voice/word-mark.mp3
2025-09-24 23:38:12,027 - INFO - 单词发音文件下载成功: words-voice/word-shark.mp3
2025-09-24 23:38:12,696 - INFO - 单词发音文件下载成功: words-voice/word-father.mp3
2025-09-24 23:38:14,203 - INFO - 开始处理页面: https://www.yyybabc.com/p/d4.html
2025-09-24 23:38:14,330 - INFO - 找到单词: long_vowel_4, caught, walk, board (页面ID: 4)
2025-09-24 23:38:14,490 - INFO - 单词发音文件下载成功: words-voice/word-long_vowel_4.mp3
2025-09-24 23:38:15,157 - INFO - 单词发音文件下载成功: words-voice/word-caught.mp3
2025-09-24 23:38:15,842 - INFO - 单词发音文件下载成功: words-voice/word-walk.mp3
2025-09-24 23:38:16,547 - INFO - 单词发音文件下载成功: words-voice/word-board.mp3
2025-09-24 23:38:18,057 - INFO - 开始处理页面: https://www.yyybabc.com/p/d5.html
2025-09-24 23:38:18,220 - INFO - 找到单词: long_vowel_u, cool, rude, tooth (页面ID: 5)
2025-09-24 23:38:18,439 - INFO - 单词发音文件下载成功: words-voice/word-long_vowel_u.mp3
2025-09-24 23:38:19,114 - INFO - 单词发音文件下载成功: words-voice/word-cool.mp3
2025-09-24 23:38:19,763 - INFO - 单词发音文件下载成功: words-voice/word-rude.mp3
2025-09-24 23:38:20,423 - INFO - 单词发音文件下载成功: words-voice/word-tooth.mp3
2025-09-24 23:38:21,930 - INFO - 开始处理页面: https://www.yyybabc.com/p/d6.html
2025-09-24 23:38:22,053 - INFO - 找到单词: short_vowel_I, little, sit, fish (页面ID: 6)
2025-09-24 23:38:22,171 - INFO - 单词发音文件下载成功: words-voice/word-short_vowel_I.mp3
2025-09-24 23:38:22,877 - INFO - 单词发音文件下载成功: words-voice/word-little.mp3
2025-09-24 23:38:23,547 - INFO - 单词发音文件下载成功: words-voice/word-sit.mp3
2025-09-24 23:38:24,206 - INFO - 单词发音文件下载成功: words-voice/word-fish.mp3
2025-09-24 23:38:25,715 - INFO - 开始处理页面: https://www.yyybabc.com/p/d7.html
2025-09-24 23:38:25,852 - INFO - 找到单词: short_vowel_e, bed, red, egg (页面ID: 7)
2025-09-24 23:38:25,972 - INFO - 单词发音文件下载成功: words-voice/word-short_vowel_e.mp3
2025-09-24 23:38:26,678 - INFO - 单词发音文件下载成功: words-voice/word-bed.mp3
2025-09-24 23:38:27,350 - INFO - 单词发音文件下载成功: words-voice/word-red.mp3
2025-09-24 23:38:27,993 - INFO - 单词发音文件下载成功: words-voice/word-egg.mp3
2025-09-24 23:38:29,500 - INFO - 开始处理页面: https://www.yyybabc.com/p/d8.html
2025-09-24 23:38:29,637 - INFO - 找到单词: mass, ant, lamb, short_vowel_5 (页面ID: 8)
2025-09-24 23:38:29,827 - INFO - 单词发音文件下载成功: words-voice/word-mass.mp3
2025-09-24 23:38:30,469 - INFO - 单词发音文件下载成功: words-voice/word-ant.mp3
2025-09-24 23:38:31,154 - INFO - 单词发音文件下载成功: words-voice/word-lamb.mp3
2025-09-24 23:38:31,796 - INFO - 单词发音文件下载成功: words-voice/word-short_vowel_5.mp3
2025-09-24 23:38:33,302 - INFO - 开始处理页面: https://www.yyybabc.com/p/d9.html
2025-09-24 23:38:33,456 - INFO - 找到单词: short_vowel_6, center, panda, actor (页面ID: 9)
2025-09-24 23:38:33,580 - INFO - 单词发音文件下载成功: words-voice/word-short_vowel_6.mp3
2025-09-24 23:38:34,280 - INFO - 单词发音文件下载成功: words-voice/word-center.mp3
2025-09-24 23:38:34,984 - INFO - 单词发音文件下载成功: words-voice/word-panda.mp3
2025-09-24 23:38:35,662 - INFO - 单词发音文件下载成功: words-voice/word-actor.mp3
2025-09-24 23:38:37,168 - INFO - 开始处理页面: https://www.yyybabc.com/p/d10.html
2025-09-24 23:38:37,357 - INFO - 找到单词: short_vowel_7, cup, bus, sun (页面ID: 10)
2025-09-24 23:38:37,501 - INFO - 单词发音文件下载成功: words-voice/word-short_vowel_7.mp3
2025-09-24 23:38:38,172 - INFO - 单词发音文件下载成功: words-voice/word-cup.mp3
2025-09-24 23:38:38,817 - INFO - 单词发音文件下载成功: words-voice/word-bus.mp3
2025-09-24 23:38:39,493 - INFO - 单词发音文件下载成功: words-voice/word-sun.mp3
2025-09-24 23:38:41,003 - INFO - 开始处理页面: https://www.yyybabc.com/p/d11.html
2025-09-24 23:38:41,145 - INFO - 找到单词: short_vowel_8, dog, box, stop (页面ID: 11)
2025-09-24 23:38:41,275 - INFO - 单词发音文件下载成功: words-voice/word-short_vowel_8.mp3
2025-09-24 23:38:41,913 - INFO - 单词发音文件下载成功: words-voice/word-dog.mp3
2025-09-24 23:38:42,624 - INFO - 单词发音文件下载成功: words-voice/word-box.mp3
2025-09-24 23:38:43,301 - INFO - 单词发音文件下载成功: words-voice/word-stop.mp3
2025-09-24 23:38:44,811 - INFO - 开始处理页面: https://www.yyybabc.com/p/d12.html
2025-09-24 23:38:44,940 - INFO - 找到单词: short_vowel_9, book, good, full (页面ID: 12)
2025-09-24 23:38:45,082 - INFO - 单词发音文件下载成功: words-voice/word-short_vowel_9.mp3
2025-09-24 23:38:45,742 - INFO - 单词发音文件下载成功: words-voice/word-book.mp3
2025-09-24 23:38:46,384 - INFO - 单词发音文件下载成功: words-voice/word-good.mp3
2025-09-24 23:38:47,059 - INFO - 单词发音文件下载成功: words-voice/word-full.mp3
2025-09-24 23:38:48,570 - INFO - 开始处理页面: https://www.yyybabc.com/p/d13.html
2025-09-24 23:38:48,688 - INFO - 找到单词: two_vowel_ei, wait, late, hate (页面ID: 13)
2025-09-24 23:38:48,835 - INFO - 单词发音文件下载成功: words-voice/word-two_vowel_ei.mp3
2025-09-24 23:38:49,508 - INFO - 单词发音文件下载成功: words-voice/word-wait.mp3
2025-09-24 23:38:50,184 - INFO - 单词发音文件下载成功: words-voice/word-late.mp3
2025-09-24 23:38:50,860 - INFO - 单词发音文件下载成功: words-voice/word-hate.mp3
2025-09-24 23:38:52,370 - INFO - 开始处理页面: https://www.yyybabc.com/p/d14.html
2025-09-24 23:38:52,505 - INFO - 找到单词: two_vowel_1, my, why, write (页面ID: 14)
2025-09-24 23:38:52,662 - INFO - 单词发音文件下载成功: words-voice/word-two_vowel_1.mp3
2025-09-24 23:38:53,335 - INFO - 单词发音文件下载成功: words-voice/word-my.mp3
2025-09-24 23:38:54,010 - INFO - 单词发音文件下载成功: words-voice/word-why.mp3
2025-09-24 23:38:54,707 - INFO - 单词发音文件下载成功: words-voice/word-write.mp3
2025-09-24 23:38:56,217 - INFO - 开始处理页面: https://www.yyybabc.com/p/d15.html
2025-09-24 23:38:56,372 - INFO - 找到单词: noise, point, oil, two_vowel_4 (页面ID: 15)
2025-09-24 23:38:56,532 - INFO - 单词发音文件下载成功: words-voice/word-noise.mp3
2025-09-24 23:38:57,199 - INFO - 单词发音文件下载成功: words-voice/word-point.mp3
2025-09-24 23:38:57,864 - INFO - 单词发音文件下载成功: words-voice/word-oil.mp3
2025-09-24 23:38:58,538 - INFO - 单词发音文件下载成功: words-voice/word-two_vowel_4.mp3
2025-09-24 23:39:00,048 - INFO - 开始处理页面: https://www.yyybabc.com/p/d16.html
2025-09-24 23:39:00,200 - INFO - 找到单词: two_vowel_2, mouse, town, cloud (页面ID: 16)
2025-09-24 23:39:00,357 - INFO - 单词发音文件下载成功: words-voice/word-two_vowel_2.mp3
2025-09-24 23:39:01,018 - INFO - 单词发音文件下载成功: words-voice/word-mouse.mp3
2025-09-24 23:39:01,694 - INFO - 单词发音文件下载成功: words-voice/word-town.mp3
2025-09-24 23:39:02,364 - INFO - 单词发音文件下载成功: words-voice/word-cloud.mp3
2025-09-24 23:39:03,870 - INFO - 开始处理页面: https://www.yyybabc.com/p/d17.html
2025-09-24 23:39:04,010 - INFO - 找到单词: two_vowel_5, pose, mode, know (页面ID: 17)
2025-09-24 23:39:04,170 - INFO - 单词发音文件下载成功: words-voice/word-two_vowel_5.mp3
2025-09-24 23:39:04,851 - INFO - 单词发音文件下载成功: words-voice/word-pose.mp3
2025-09-24 23:39:05,524 - INFO - 单词发音文件下载成功: words-voice/word-mode.mp3
2025-09-24 23:39:06,208 - INFO - 单词发音文件下载成功: words-voice/word-know.mp3
2025-09-24 23:39:07,716 - INFO - 开始处理页面: https://www.yyybabc.com/p/d18.html
2025-09-24 23:39:07,847 - INFO - 找到单词: two_vowel_6, beer, mere, deer (页面ID: 18)
2025-09-24 23:39:08,009 - INFO - 单词发音文件下载成功: words-voice/word-two_vowel_6.mp3
2025-09-24 23:39:08,653 - INFO - 单词发音文件下载成功: words-voice/word-beer.mp3
2025-09-24 23:39:09,388 - INFO - 单词发音文件下载成功: words-voice/word-mere.mp3
2025-09-24 23:39:10,062 - INFO - 单词发音文件下载成功: words-voice/word-deer.mp3
2025-09-24 23:39:11,569 - INFO - 开始处理页面: https://www.yyybabc.com/p/d19.html
2025-09-24 23:39:11,711 - INFO - 找到单词: two_vowel_3, bear, wear, fare (页面ID: 19)
2025-09-24 23:39:11,873 - INFO - 单词发音文件下载成功: words-voice/word-two_vowel_3.mp3
2025-09-24 23:39:12,555 - INFO - 单词发音文件下载成功: words-voice/word-bear.mp3
2025-09-24 23:39:13,231 - INFO - 单词发音文件下载成功: words-voice/word-wear.mp3
2025-09-24 23:39:13,908 - INFO - 单词发音文件下载成功: words-voice/word-fare.mp3
2025-09-24 23:39:15,416 - INFO - 开始处理页面: https://www.yyybabc.com/p/d20.html
2025-09-24 23:39:15,561 - INFO - 找到单词: two_vowel_7, poor, tour, pure (页面ID: 20)
2025-09-24 23:39:15,687 - INFO - 单词发音文件下载成功: words-voice/word-two_vowel_7.mp3
2025-09-24 23:39:16,329 - INFO - 单词发音文件下载成功: words-voice/word-poor.mp3
2025-09-24 23:39:17,000 - INFO - 单词发音文件下载成功: words-voice/word-tour.mp3
2025-09-24 23:39:17,682 - INFO - 单词发音文件下载成功: words-voice/word-pure.mp3
2025-09-24 23:39:19,195 - INFO - 开始处理页面: https://www.yyybabc.com/p/d21.html
2025-09-24 23:39:19,341 - INFO - 找到单词: consonant_p, sip, put, cup (页面ID: 21)
2025-09-24 23:39:19,525 - INFO - 单词发音文件下载成功: words-voice/word-consonant_p.mp3
2025-09-24 23:39:20,233 - INFO - 单词发音文件下载成功: words-voice/word-sip.mp3
2025-09-24 23:39:20,908 - INFO - 单词发音文件下载成功: words-voice/word-put.mp3
2025-09-24 23:39:21,591 - INFO - 单词发音文件下载成功: words-voice/word-cup.mp3
2025-09-24 23:39:23,101 - INFO - 开始处理页面: https://www.yyybabc.com/p/d22.html
2025-09-24 23:39:23,245 - INFO - 找到单词: consonant_t, tomorrow, today, top (页面ID: 22)
2025-09-24 23:39:23,372 - INFO - 单词发音文件下载成功: words-voice/word-consonant_t.mp3
2025-09-24 23:39:24,042 - INFO - 单词发音文件下载成功: words-voice/word-tomorrow.mp3
2025-09-24 23:39:24,724 - INFO - 单词发音文件下载成功: words-voice/word-today.mp3
2025-09-24 23:39:25,364 - INFO - 单词发音文件下载成功: words-voice/word-top.mp3
2025-09-24 23:39:26,873 - INFO - 开始处理页面: https://www.yyybabc.com/p/d23.html
2025-09-24 23:39:27,015 - INFO - 找到单词: consonant_k, cat, cup, card (页面ID: 23)
2025-09-24 23:39:27,167 - INFO - 单词发音文件下载成功: words-voice/word-consonant_k.mp3
2025-09-24 23:39:27,837 - INFO - 单词发音文件下载成功: words-voice/word-cat.mp3
2025-09-24 23:39:28,547 - INFO - 单词发音文件下载成功: words-voice/word-cup.mp3
2025-09-24 23:39:29,215 - INFO - 单词发音文件下载成功: words-voice/word-card.mp3
2025-09-24 23:39:30,723 - INFO - 开始处理页面: https://www.yyybabc.com/p/d24.html
2025-09-24 23:39:30,842 - INFO - 找到单词: consonant_f, fish, free, floor (页面ID: 24)
2025-09-24 23:39:30,996 - INFO - 单词发音文件下载成功: words-voice/word-consonant_f.mp3
2025-09-24 23:39:31,659 - INFO - 单词发音文件下载成功: words-voice/word-fish.mp3
2025-09-24 23:39:32,361 - INFO - 单词发音文件下载成功: words-voice/word-free.mp3
2025-09-24 23:39:33,034 - INFO - 单词发音文件下载成功: words-voice/word-floor.mp3
2025-09-24 23:39:34,542 - INFO - 开始处理页面: https://www.yyybabc.com/p/d25.html
2025-09-24 23:39:34,669 - INFO - 找到单词: consonant_s, nice, bus, sit (页面ID: 25)
2025-09-24 23:39:34,823 - INFO - 单词发音文件下载成功: words-voice/word-consonant_s.mp3
2025-09-24 23:39:35,489 - INFO - 单词发音文件下载成功: words-voice/word-nice.mp3
2025-09-24 23:39:36,125 - INFO - 单词发音文件下载成功: words-voice/word-bus.mp3
2025-09-24 23:39:36,832 - INFO - 单词发音文件下载成功: words-voice/word-sit.mp3
2025-09-24 23:39:38,339 - INFO - 开始处理页面: https://www.yyybabc.com/p/d26.html
2025-09-24 23:39:38,498 - INFO - 找到单词: consonant_1, ship, fish, shirt (页面ID: 26)
2025-09-24 23:39:38,649 - INFO - 单词发音文件下载成功: words-voice/word-consonant_1.mp3
2025-09-24 23:39:39,316 - INFO - 单词发音文件下载成功: words-voice/word-ship.mp3
2025-09-24 23:39:39,989 - INFO - 单词发音文件下载成功: words-voice/word-fish.mp3
2025-09-24 23:39:40,664 - INFO - 单词发音文件下载成功: words-voice/word-shirt.mp3
2025-09-24 23:39:42,178 - INFO - 开始处理页面: https://www.yyybabc.com/p/d27.html
2025-09-24 23:39:42,362 - INFO - 找到单词: consonant_2, path, think, math (页面ID: 27)
2025-09-24 23:39:42,519 - INFO - 单词发音文件下载成功: words-voice/word-consonant_2.mp3
2025-09-24 23:39:43,191 - INFO - 单词发音文件下载成功: words-voice/word-path.mp3
2025-09-24 23:39:43,877 - INFO - 单词发音文件下载成功: words-voice/word-think.mp3
2025-09-24 23:39:44,551 - INFO - 单词发音文件下载成功: words-voice/word-math.mp3
2025-09-24 23:39:46,058 - INFO - 开始处理页面: https://www.yyybabc.com/p/d28.html
2025-09-24 23:39:46,207 - INFO - 找到单词: consonant_h, hut, hello, home (页面ID: 28)
2025-09-24 23:39:46,372 - INFO - 单词发音文件下载成功: words-voice/word-consonant_h.mp3
2025-09-24 23:39:47,053 - INFO - 单词发音文件下载成功: words-voice/word-hut.mp3
2025-09-24 23:39:47,726 - INFO - 单词发音文件下载成功: words-voice/word-hello.mp3
2025-09-24 23:39:48,384 - INFO - 单词发音文件下载成功: words-voice/word-home.mp3
2025-09-24 23:39:49,888 - INFO - 开始处理页面: https://www.yyybabc.com/p/d29.html
2025-09-24 23:39:50,026 - INFO - 找到单词: consonant_6, chick, coach, rich (页面ID: 29)
2025-09-24 23:39:50,228 - INFO - 单词发音文件下载成功: words-voice/word-consonant_6.mp3
2025-09-24 23:39:50,907 - INFO - 单词发音文件下载成功: words-voice/word-chick.mp3
2025-09-24 23:39:51,577 - INFO - 单词发音文件下载成功: words-voice/word-coach.mp3
2025-09-24 23:39:52,283 - INFO - 单词发音文件下载成功: words-voice/word-rich.mp3
2025-09-24 23:39:53,795 - INFO - 开始处理页面: https://www.yyybabc.com/p/d30.html
2025-09-24 23:39:53,931 - INFO - 找到单词: consonant_ts, eats, cats, gifts (页面ID: 30)
2025-09-24 23:39:54,065 - INFO - 单词发音文件下载成功: words-voice/word-consonant_ts.mp3
2025-09-24 23:39:54,736 - INFO - 单词发音文件下载成功: words-voice/word-eats.mp3
2025-09-24 23:39:55,409 - INFO - 单词发音文件下载成功: words-voice/word-cats.mp3
2025-09-24 23:39:56,095 - INFO - 单词发音文件下载成功: words-voice/word-gifts.mp3
2025-09-24 23:39:57,604 - INFO - 开始处理页面: https://www.yyybabc.com/p/d31.html
2025-09-24 23:39:57,744 - INFO - 找到单词: consonant_tr, track, tree, trill (页面ID: 31)
2025-09-24 23:39:57,944 - INFO - 单词发音文件下载成功: words-voice/word-consonant_tr.mp3
2025-09-24 23:39:58,613 - INFO - 单词发音文件下载成功: words-voice/word-track.mp3
2025-09-24 23:39:59,324 - INFO - 单词发音文件下载成功: words-voice/word-tree.mp3
2025-09-24 23:39:59,994 - INFO - 单词发音文件下载成功: words-voice/word-trill.mp3
2025-09-24 23:40:01,504 - INFO - 开始处理页面: https://www.yyybabc.com/p/d32.html
2025-09-24 23:40:01,645 - INFO - 找到单词: consonant_b, bread, club, lab (页面ID: 32)
2025-09-24 23:40:01,836 - INFO - 单词发音文件下载成功: words-voice/word-consonant_b.mp3
2025-09-24 23:40:02,534 - INFO - 单词发音文件下载成功: words-voice/word-bread.mp3
2025-09-24 23:40:03,187 - INFO - 单词发音文件下载成功: words-voice/word-club.mp3
2025-09-24 23:40:03,853 - INFO - 单词发音文件下载成功: words-voice/word-lab.mp3
2025-09-24 23:40:05,366 - INFO - 开始处理页面: https://www.yyybabc.com/p/d33.html
2025-09-24 23:40:05,506 - INFO - 找到单词: consonant_d, dog, card, bed (页面ID: 33)
2025-09-24 23:40:05,634 - INFO - 单词发音文件下载成功: words-voice/word-consonant_d.mp3
2025-09-24 23:40:06,277 - INFO - 单词发音文件下载成功: words-voice/word-dog.mp3
2025-09-24 23:40:06,950 - INFO - 单词发音文件下载成功: words-voice/word-card.mp3
2025-09-24 23:40:07,657 - INFO - 单词发音文件下载成功: words-voice/word-bed.mp3
2025-09-24 23:40:09,166 - INFO - 开始处理页面: https://www.yyybabc.com/p/d34.html
2025-09-24 23:40:09,302 - INFO - 找到单词: consonant_g, egg, dig, gate (页面ID: 34)
2025-09-24 23:40:09,435 - INFO - 单词发音文件下载成功: words-voice/word-consonant_g.mp3
2025-09-24 23:40:10,082 - INFO - 单词发音文件下载成功: words-voice/word-egg.mp3
2025-09-24 23:40:10,746 - INFO - 单词发音文件下载成功: words-voice/word-dig.mp3
2025-09-24 23:40:11,419 - INFO - 单词发音文件下载成功: words-voice/word-gate.mp3
2025-09-24 23:40:12,926 - INFO - 开始处理页面: https://www.yyybabc.com/p/d35.html
2025-09-24 23:40:13,066 - INFO - 找到单词: consonant_v, very, dove, ever (页面ID: 35)
2025-09-24 23:40:13,219 - INFO - 单词发音文件下载成功: words-voice/word-consonant_v.mp3
2025-09-24 23:40:13,918 - INFO - 单词发音文件下载成功: words-voice/word-very.mp3
2025-09-24 23:40:14,595 - INFO - 单词发音文件下载成功: words-voice/word-dove.mp3
2025-09-24 23:40:15,278 - INFO - 单词发音文件下载成功: words-voice/word-ever.mp3
2025-09-24 23:40:16,788 - INFO - 开始处理页面: https://www.yyybabc.com/p/d36.html
2025-09-24 23:40:16,956 - INFO - 找到单词: consonant_z, seize, zero, size (页面ID: 36)
2025-09-24 23:40:17,120 - INFO - 单词发音文件下载成功: words-voice/word-consonant_z.mp3
2025-09-24 23:40:17,800 - INFO - 单词发音文件下载成功: words-voice/word-seize.mp3
2025-09-24 23:40:18,511 - INFO - 单词发音文件下载成功: words-voice/word-zero.mp3
2025-09-24 23:40:19,198 - INFO - 单词发音文件下载成功: words-voice/word-size.mp3
2025-09-24 23:40:20,703 - INFO - 开始处理页面: https://www.yyybabc.com/p/d37.html
2025-09-24 23:40:20,894 - INFO - 找到单词: consonant_3, decision, television, leisure (页面ID: 37)
2025-09-24 23:40:21,076 - INFO - 单词发音文件下载成功: words-voice/word-consonant_3.mp3
2025-09-24 23:40:21,755 - INFO - 单词发音文件下载成功: words-voice/word-decision.mp3
2025-09-24 23:40:22,433 - INFO - 单词发音文件下载成功: words-voice/word-television.mp3
2025-09-24 23:40:23,114 - INFO - 单词发音文件下载成功: words-voice/word-leisure.mp3
2025-09-24 23:40:24,625 - INFO - 开始处理页面: https://www.yyybabc.com/p/d38.html
2025-09-24 23:40:24,790 - INFO - 找到单词: consonant_5, they, those, other (页面ID: 38)
2025-09-24 23:40:24,954 - INFO - 单词发音文件下载成功: words-voice/word-consonant_5.mp3
2025-09-24 23:40:25,661 - INFO - 单词发音文件下载成功: words-voice/word-they.mp3
2025-09-24 23:40:26,364 - INFO - 单词发音文件下载成功: words-voice/word-those.mp3
2025-09-24 23:40:27,010 - INFO - 单词发音文件下载成功: words-voice/word-other.mp3
2025-09-24 23:40:28,518 - INFO - 开始处理页面: https://www.yyybabc.com/p/d39.html
2025-09-24 23:40:28,657 - INFO - 找到单词: consonant_r, read, grass, write (页面ID: 39)
2025-09-24 23:40:28,825 - INFO - 单词发音文件下载成功: words-voice/word-consonant_r.mp3
2025-09-24 23:40:29,495 - INFO - 单词发音文件下载成功: words-voice/word-read.mp3
2025-09-24 23:40:30,169 - INFO - 单词发音文件下载成功: words-voice/word-grass.mp3
2025-09-24 23:40:30,876 - INFO - 单词发音文件下载成功: words-voice/word-write.mp3
2025-09-24 23:40:32,388 - INFO - 开始处理页面: https://www.yyybabc.com/p/d40.html
2025-09-24 23:40:32,528 - INFO - 找到单词: consonant_7, jam, bridge, July (页面ID: 40)
2025-09-24 23:40:32,656 - INFO - 单词发音文件下载成功: words-voice/word-consonant_7.mp3
2025-09-24 23:40:33,323 - INFO - 单词发音文件下载成功: words-voice/word-jam.mp3
2025-09-24 23:40:34,030 - INFO - 单词发音文件下载成功: words-voice/word-bridge.mp3
2025-09-24 23:40:34,712 - INFO - 单词发音文件下载成功: words-voice/word-July.mp3
2025-09-24 23:40:36,224 - INFO - 开始处理页面: https://www.yyybabc.com/p/d41.html
2025-09-24 23:40:36,375 - INFO - 找到单词: consonant_dz, beds, adds, friends (页面ID: 41)
2025-09-24 23:40:36,573 - INFO - 单词发音文件下载成功: words-voice/word-consonant_dz.mp3
2025-09-24 23:40:37,286 - INFO - 单词发音文件下载成功: words-voice/word-beds.mp3
2025-09-24 23:40:37,959 - INFO - 单词发音文件下载成功: words-voice/word-adds.mp3
2025-09-24 23:40:38,666 - INFO - 单词发音文件下载成功: words-voice/word-friends.mp3
2025-09-24 23:40:40,176 - INFO - 开始处理页面: https://www.yyybabc.com/p/d42.html
2025-09-24 23:40:40,329 - INFO - 找到单词: consonant_dr, dress, drink, dream (页面ID: 42)
2025-09-24 23:40:40,529 - INFO - 单词发音文件下载成功: words-voice/word-consonant_dr.mp3
2025-09-24 23:40:41,200 - INFO - 单词发音文件下载成功: words-voice/word-dress.mp3
2025-09-24 23:40:41,887 - INFO - 单词发音文件下载成功: words-voice/word-drink.mp3
2025-09-24 23:40:42,556 - INFO - 单词发音文件下载成功: words-voice/word-dream.mp3
2025-09-24 23:40:44,065 - INFO - 开始处理页面: https://www.yyybabc.com/p/d43.html
2025-09-24 23:40:44,201 - INFO - 找到单词: consonant_m, smart, move, mud (页面ID: 43)
2025-09-24 23:40:44,372 - INFO - 单词发音文件下载成功: words-voice/word-consonant_m.mp3
2025-09-24 23:40:45,106 - INFO - 单词发音文件下载成功: words-voice/word-smart.mp3
2025-09-24 23:40:45,770 - INFO - 单词发音文件下载成功: words-voice/word-move.mp3
2025-09-24 23:40:46,475 - INFO - 单词发音文件下载成功: words-voice/word-mud.mp3
2025-09-24 23:40:47,984 - INFO - 开始处理页面: https://www.yyybabc.com/p/d44.html
2025-09-24 23:40:48,117 - INFO - 找到单词: consonant_n, no, hunt, find (页面ID: 44)
2025-09-24 23:40:48,274 - INFO - 单词发音文件下载成功: words-voice/word-consonant_n.mp3
2025-09-24 23:40:48,922 - INFO - 单词发音文件下载成功: words-voice/word-no.mp3
2025-09-24 23:40:49,604 - INFO - 单词发音文件下载成功: words-voice/word-hunt.mp3
2025-09-24 23:40:50,260 - INFO - 单词发音文件下载成功: words-voice/word-find.mp3
2025-09-24 23:40:51,766 - INFO - 开始处理页面: https://www.yyybabc.com/p/d45.html
2025-09-24 23:40:51,922 - INFO - 找到单词: consonant_4, spring, sing, ink (页面ID: 45)
2025-09-24 23:40:52,139 - INFO - 单词发音文件下载成功: words-voice/word-consonant_4.mp3
2025-09-24 23:40:52,849 - INFO - 单词发音文件下载成功: words-voice/word-spring.mp3
2025-09-24 23:40:53,511 - INFO - 单词发音文件下载成功: words-voice/word-sing.mp3
2025-09-24 23:40:54,207 - INFO - 单词发音文件下载成功: words-voice/word-ink.mp3
2025-09-24 23:40:55,718 - INFO - 开始处理页面: https://www.yyybabc.com/p/d46.html
2025-09-24 23:40:55,847 - INFO - 找到单词: consonant_l, line, pool, alive (页面ID: 46)
2025-09-24 23:40:56,068 - INFO - 单词发音文件下载成功: words-voice/word-consonant_l.mp3
2025-09-24 23:40:56,824 - INFO - 单词发音文件下载成功: words-voice/word-line.mp3
2025-09-24 23:40:57,589 - INFO - 单词发音文件下载成功: words-voice/word-pool.mp3
2025-09-24 23:40:58,269 - INFO - 单词发音文件下载成功: words-voice/word-alive.mp3
2025-09-24 23:40:59,777 - INFO - 开始处理页面: https://www.yyybabc.com/p/d47.html
2025-09-24 23:41:00,029 - INFO - 找到单词: consonant_w, work, wood, what (页面ID: 47)
2025-09-24 23:41:00,236 - INFO - 单词发音文件下载成功: words-voice/word-consonant_w.mp3
2025-09-24 23:41:00,986 - INFO - 单词发音文件下载成功: words-voice/word-work.mp3
2025-09-24 23:41:01,782 - INFO - 单词发音文件下载成功: words-voice/word-wood.mp3
2025-09-24 23:41:02,442 - INFO - 单词发音文件下载成功: words-voice/word-what.mp3
2025-09-24 23:41:03,950 - INFO - 开始处理页面: https://www.yyybabc.com/p/d48.html
2025-09-24 23:41:04,177 - INFO - 找到单词: consonant_j, yell, yak, youth (页面ID: 48)
2025-09-24 23:41:04,301 - INFO - 单词发音文件下载成功: words-voice/word-consonant_j.mp3
2025-09-24 23:41:04,973 - INFO - 单词发音文件下载成功: words-voice/word-yell.mp3
2025-09-24 23:41:05,713 - INFO - 单词发音文件下载成功: words-voice/word-yak.mp3
2025-09-24 23:41:06,437 - INFO - 单词发音文件下载成功: words-voice/word-youth.mp3
2025-09-24 23:41:06,943 - INFO - 单词映射已保存到phonetic_words.json
